mode: set
github.com/felixgeelhaar/bolt/v2/bolt.go:128.42,129.12 1 1
github.com/felixgeelhaar/bolt/v2/bolt.go:129.12,131.3 1 1
github.com/felixgeelhaar/bolt/v2/bolt.go:134.2,134.11 1 1
github.com/felixgeelhaar/bolt/v2/bolt.go:134.11,137.3 2 0
github.com/felixgeelhaar/bolt/v2/bolt.go:140.2,140.13 1 1
github.com/felixgeelhaar/bolt/v2/bolt.go:140.13,141.13 1 1
github.com/felixgeelhaar/bolt/v2/bolt.go:141.13,143.4 1 1
github.com/felixgeelhaar/bolt/v2/bolt.go:144.3,144.49 1 1
github.com/felixgeelhaar/bolt/v2/bolt.go:148.2,149.12 2 1
github.com/felixgeelhaar/bolt/v2/bolt.go:149.12,152.3 2 1
github.com/felixgeelhaar/bolt/v2/bolt.go:155.2,156.18 2 1
github.com/felixgeelhaar/bolt/v2/bolt.go:156.18,160.3 3 1
github.com/felixgeelhaar/bolt/v2/bolt.go:162.2,162.12 1 1
github.com/felixgeelhaar/bolt/v2/bolt.go:166.46,167.12 1 1
github.com/felixgeelhaar/bolt/v2/bolt.go:167.12,169.3 1 0
github.com/felixgeelhaar/bolt/v2/bolt.go:172.2,172.13 1 1
github.com/felixgeelhaar/bolt/v2/bolt.go:172.13,173.13 1 0
github.com/felixgeelhaar/bolt/v2/bolt.go:173.13,175.4 1 0
github.com/felixgeelhaar/bolt/v2/bolt.go:176.3,176.49 1 0
github.com/felixgeelhaar/bolt/v2/bolt.go:180.2,181.12 2 1
github.com/felixgeelhaar/bolt/v2/bolt.go:181.12,184.3 2 1
github.com/felixgeelhaar/bolt/v2/bolt.go:187.2,188.18 2 1
github.com/felixgeelhaar/bolt/v2/bolt.go:188.18,192.3 3 1
github.com/felixgeelhaar/bolt/v2/bolt.go:194.2,194.12 1 1
github.com/felixgeelhaar/bolt/v2/bolt.go:198.44,199.7 1 1
github.com/felixgeelhaar/bolt/v2/bolt.go:199.7,201.3 1 1
github.com/felixgeelhaar/bolt/v2/bolt.go:202.2,202.32 1 0
github.com/felixgeelhaar/bolt/v2/bolt.go:206.52,217.2 9 1
github.com/felixgeelhaar/bolt/v2/bolt.go:220.58,227.2 6 1
github.com/felixgeelhaar/bolt/v2/bolt.go:230.59,237.2 6 1
github.com/felixgeelhaar/bolt/v2/bolt.go:240.52,241.16 1 1
github.com/felixgeelhaar/bolt/v2/bolt.go:241.16,243.3 1 1
github.com/felixgeelhaar/bolt/v2/bolt.go:244.2,244.30 1 1
github.com/felixgeelhaar/bolt/v2/bolt.go:248.53,249.15 1 1
github.com/felixgeelhaar/bolt/v2/bolt.go:249.15,251.3 1 1
github.com/felixgeelhaar/bolt/v2/bolt.go:252.2,256.45 3 0
github.com/felixgeelhaar/bolt/v2/bolt.go:256.45,258.3 1 0
github.com/felixgeelhaar/bolt/v2/bolt.go:259.2,259.12 1 0
github.com/felixgeelhaar/bolt/v2/bolt.go:266.32,267.11 1 1
github.com/felixgeelhaar/bolt/v2/bolt.go:268.13,269.18 1 0
github.com/felixgeelhaar/bolt/v2/bolt.go:270.13,271.18 1 0
github.com/felixgeelhaar/bolt/v2/bolt.go:272.12,273.17 1 1
github.com/felixgeelhaar/bolt/v2/bolt.go:274.12,275.17 1 0
github.com/felixgeelhaar/bolt/v2/bolt.go:276.13,277.18 1 1
github.com/felixgeelhaar/bolt/v2/bolt.go:278.13,279.18 1 0
github.com/felixgeelhaar/bolt/v2/bolt.go:280.10,281.12 1 0
github.com/felixgeelhaar/bolt/v2/bolt.go:310.35,312.2 1 1
github.com/felixgeelhaar/bolt/v2/bolt.go:323.26,327.3 1 1
github.com/felixgeelhaar/bolt/v2/bolt.go:331.32,333.2 1 1
github.com/felixgeelhaar/bolt/v2/bolt.go:336.34,339.49 2 1
github.com/felixgeelhaar/bolt/v2/bolt.go:339.49,341.3 1 1
github.com/felixgeelhaar/bolt/v2/bolt.go:342.2,342.77 1 1
github.com/felixgeelhaar/bolt/v2/bolt.go:346.51,350.34 3 1
github.com/felixgeelhaar/bolt/v2/bolt.go:350.34,353.3 1 1
github.com/felixgeelhaar/bolt/v2/bolt.go:354.2,354.15 1 1
github.com/felixgeelhaar/bolt/v2/bolt.go:357.42,358.21 1 1
github.com/felixgeelhaar/bolt/v2/bolt.go:358.21,360.3 1 0
github.com/felixgeelhaar/bolt/v2/bolt.go:362.2,375.24 9 1
github.com/felixgeelhaar/bolt/v2/bolt.go:375.24,378.3 2 1
github.com/felixgeelhaar/bolt/v2/bolt.go:379.2,379.10 1 1
github.com/felixgeelhaar/bolt/v2/bolt.go:383.32,385.14 2 1
github.com/felixgeelhaar/bolt/v2/bolt.go:385.14,387.3 1 0
github.com/felixgeelhaar/bolt/v2/bolt.go:388.2,388.10 1 1
github.com/felixgeelhaar/bolt/v2/bolt.go:392.33,394.14 2 1
github.com/felixgeelhaar/bolt/v2/bolt.go:394.14,396.3 1 0
github.com/felixgeelhaar/bolt/v2/bolt.go:397.2,397.10 1 1
github.com/felixgeelhaar/bolt/v2/bolt.go:401.33,403.14 2 0
github.com/felixgeelhaar/bolt/v2/bolt.go:403.14,405.3 1 0
github.com/felixgeelhaar/bolt/v2/bolt.go:406.2,406.10 1 0
github.com/felixgeelhaar/bolt/v2/bolt.go:410.32,412.14 2 0
github.com/felixgeelhaar/bolt/v2/bolt.go:412.14,414.3 1 0
github.com/felixgeelhaar/bolt/v2/bolt.go:415.2,415.10 1 0
github.com/felixgeelhaar/bolt/v2/bolt.go:419.33,421.14 2 0
github.com/felixgeelhaar/bolt/v2/bolt.go:421.14,423.3 1 0
github.com/felixgeelhaar/bolt/v2/bolt.go:424.2,424.10 1 0
github.com/felixgeelhaar/bolt/v2/bolt.go:428.33,430.14 2 0
github.com/felixgeelhaar/bolt/v2/bolt.go:430.14,432.3 1 0
github.com/felixgeelhaar/bolt/v2/bolt.go:433.2,433.10 1 0
github.com/felixgeelhaar/bolt/v2/bolt.go:437.47,438.16 1 1
github.com/felixgeelhaar/bolt/v2/bolt.go:438.16,440.3 1 0
github.com/felixgeelhaar/bolt/v2/bolt.go:441.2,447.10 7 1
github.com/felixgeelhaar/bolt/v2/bolt.go:451.51,452.16 1 0
github.com/felixgeelhaar/bolt/v2/bolt.go:452.16,454.3 1 0
github.com/felixgeelhaar/bolt/v2/bolt.go:455.2,460.10 6 0
github.com/felixgeelhaar/bolt/v2/bolt.go:464.53,465.16 1 1
github.com/felixgeelhaar/bolt/v2/bolt.go:465.16,467.3 1 0
github.com/felixgeelhaar/bolt/v2/bolt.go:468.2,473.10 6 1
github.com/felixgeelhaar/bolt/v2/bolt.go:476.59,477.16 1 1
github.com/felixgeelhaar/bolt/v2/bolt.go:477.16,479.3 1 0
github.com/felixgeelhaar/bolt/v2/bolt.go:480.2,485.10 6 1
github.com/felixgeelhaar/bolt/v2/bolt.go:488.58,489.16 1 1
github.com/felixgeelhaar/bolt/v2/bolt.go:489.16,491.3 1 0
github.com/felixgeelhaar/bolt/v2/bolt.go:492.2,498.10 7 1
github.com/felixgeelhaar/bolt/v2/bolt.go:501.61,502.16 1 1
github.com/felixgeelhaar/bolt/v2/bolt.go:502.16,504.3 1 0
github.com/felixgeelhaar/bolt/v2/bolt.go:505.2,510.10 6 1
github.com/felixgeelhaar/bolt/v2/bolt.go:513.53,514.16 1 1
github.com/felixgeelhaar/bolt/v2/bolt.go:514.16,516.3 1 0
github.com/felixgeelhaar/bolt/v2/bolt.go:517.2,522.10 6 1
github.com/felixgeelhaar/bolt/v2/bolt.go:525.59,526.16 1 1
github.com/felixgeelhaar/bolt/v2/bolt.go:526.16,528.3 1 0
github.com/felixgeelhaar/bolt/v2/bolt.go:529.2,534.16 6 1
github.com/felixgeelhaar/bolt/v2/bolt.go:534.16,537.3 1 0
github.com/felixgeelhaar/bolt/v2/bolt.go:537.8,539.3 1 1
github.com/felixgeelhaar/bolt/v2/bolt.go:540.2,540.10 1 1
github.com/felixgeelhaar/bolt/v2/bolt.go:543.39,544.30 1 1
github.com/felixgeelhaar/bolt/v2/bolt.go:544.30,546.3 1 0
github.com/felixgeelhaar/bolt/v2/bolt.go:547.2,547.36 1 1
github.com/felixgeelhaar/bolt/v2/bolt.go:552.37,553.16 1 1
github.com/felixgeelhaar/bolt/v2/bolt.go:553.16,555.3 1 0
github.com/felixgeelhaar/bolt/v2/bolt.go:557.2,571.18 9 1
github.com/felixgeelhaar/bolt/v2/bolt.go:580.49,582.2 1 1
github.com/felixgeelhaar/bolt/v2/bolt.go:585.45,588.2 2 1
github.com/felixgeelhaar/bolt/v2/bolt.go:596.55,598.2 1 1
github.com/felixgeelhaar/bolt/v2/bolt.go:601.48,603.53 2 1
github.com/felixgeelhaar/bolt/v2/bolt.go:603.53,605.3 1 0
github.com/felixgeelhaar/bolt/v2/bolt.go:607.2,623.25 7 1
github.com/felixgeelhaar/bolt/v2/bolt.go:623.25,624.37 1 1
github.com/felixgeelhaar/bolt/v2/bolt.go:624.37,626.4 1 1
github.com/felixgeelhaar/bolt/v2/bolt.go:628.2,630.12 2 1
github.com/felixgeelhaar/bolt/v2/bolt.go:633.44,634.15 1 1
github.com/felixgeelhaar/bolt/v2/bolt.go:635.15,636.20 1 1
github.com/felixgeelhaar/bolt/v2/bolt.go:637.15,638.20 1 0
github.com/felixgeelhaar/bolt/v2/bolt.go:639.26,640.20 1 0
github.com/felixgeelhaar/bolt/v2/bolt.go:641.26,642.20 1 0
github.com/felixgeelhaar/bolt/v2/bolt.go:643.10,644.19 1 0
github.com/felixgeelhaar/bolt/v2/bolt.go:651.13,653.2 1 1
github.com/felixgeelhaar/bolt/v2/bolt.go:658.40,659.18 1 1
github.com/felixgeelhaar/bolt/v2/bolt.go:660.16,661.15 1 1
github.com/felixgeelhaar/bolt/v2/bolt.go:662.16,663.15 1 1
github.com/felixgeelhaar/bolt/v2/bolt.go:664.15,665.14 1 1
github.com/felixgeelhaar/bolt/v2/bolt.go:666.15,667.14 1 1
github.com/felixgeelhaar/bolt/v2/bolt.go:668.16,669.15 1 1
github.com/felixgeelhaar/bolt/v2/bolt.go:670.16,671.15 1 1
github.com/felixgeelhaar/bolt/v2/bolt.go:672.10,673.14 1 1
github.com/felixgeelhaar/bolt/v2/bolt.go:678.26,680.18 2 1
github.com/felixgeelhaar/bolt/v2/bolt.go:680.18,681.28 1 1
github.com/felixgeelhaar/bolt/v2/bolt.go:681.28,683.4 1 1
github.com/felixgeelhaar/bolt/v2/bolt.go:683.9,685.4 1 1
github.com/felixgeelhaar/bolt/v2/bolt.go:688.2,690.16 2 1
github.com/felixgeelhaar/bolt/v2/bolt.go:691.18,692.68 1 1
github.com/felixgeelhaar/bolt/v2/bolt.go:693.10,695.65 1 1
github.com/felixgeelhaar/bolt/v2/bolt.go:700.48,703.2 2 1
github.com/felixgeelhaar/bolt/v2/bolt.go:706.20,708.2 1 0
github.com/felixgeelhaar/bolt/v2/bolt.go:711.21,713.2 1 0
github.com/felixgeelhaar/bolt/v2/bolt.go:716.21,718.2 1 0
github.com/felixgeelhaar/bolt/v2/bolt.go:721.20,723.2 1 0
github.com/felixgeelhaar/bolt/v2/bolt.go:726.21,728.2 1 0
github.com/felixgeelhaar/bolt/v2/bolt.go:731.21,733.2 1 0
github.com/felixgeelhaar/bolt/v2/bolt.go:738.54,739.16 1 0
github.com/felixgeelhaar/bolt/v2/bolt.go:739.16,741.3 1 0
github.com/felixgeelhaar/bolt/v2/bolt.go:742.2,748.10 7 0
github.com/felixgeelhaar/bolt/v2/bolt.go:752.57,753.16 1 0
github.com/felixgeelhaar/bolt/v2/bolt.go:753.16,755.3 1 0
github.com/felixgeelhaar/bolt/v2/bolt.go:756.2,762.10 7 0
github.com/felixgeelhaar/bolt/v2/bolt.go:766.56,767.16 1 0
github.com/felixgeelhaar/bolt/v2/bolt.go:767.16,769.3 1 0
github.com/felixgeelhaar/bolt/v2/bolt.go:770.2,770.34 1 0
github.com/felixgeelhaar/bolt/v2/bolt.go:774.32,775.16 1 0
github.com/felixgeelhaar/bolt/v2/bolt.go:775.16,777.3 1 0
github.com/felixgeelhaar/bolt/v2/bolt.go:778.2,780.40 3 0
github.com/felixgeelhaar/bolt/v2/bolt.go:784.33,785.16 1 0
github.com/felixgeelhaar/bolt/v2/bolt.go:785.16,787.3 1 0
github.com/felixgeelhaar/bolt/v2/bolt.go:788.2,789.9 2 0
github.com/felixgeelhaar/bolt/v2/bolt.go:789.9,791.3 1 0
github.com/felixgeelhaar/bolt/v2/bolt.go:793.2,793.51 1 0
github.com/felixgeelhaar/bolt/v2/bolt.go:793.51,795.3 1 0
github.com/felixgeelhaar/bolt/v2/bolt.go:796.2,796.58 1 0
github.com/felixgeelhaar/bolt/v2/bolt.go:800.43,801.16 1 0
github.com/felixgeelhaar/bolt/v2/bolt.go:801.16,803.3 1 0
github.com/felixgeelhaar/bolt/v2/bolt.go:805.2,807.23 3 0
github.com/felixgeelhaar/bolt/v2/bolt.go:811.62,812.16 1 0
github.com/felixgeelhaar/bolt/v2/bolt.go:812.16,814.3 1 0
github.com/felixgeelhaar/bolt/v2/bolt.go:815.2,815.27 1 0
github.com/felixgeelhaar/bolt/v2/bolt.go:815.27,817.3 1 0
github.com/felixgeelhaar/bolt/v2/bolt.go:818.2,818.10 1 0
github.com/felixgeelhaar/bolt/v2/bolt.go:822.55,823.16 1 0
github.com/felixgeelhaar/bolt/v2/bolt.go:823.16,825.3 1 0
github.com/felixgeelhaar/bolt/v2/bolt.go:826.2,831.10 6 0
github.com/felixgeelhaar/bolt/v2/bolt.go:835.57,836.16 1 0
github.com/felixgeelhaar/bolt/v2/bolt.go:836.16,838.3 1 0
github.com/felixgeelhaar/bolt/v2/bolt.go:839.2,844.10 6 0
github.com/felixgeelhaar/bolt/v2/bolt.go:848.60,849.16 1 0
github.com/felixgeelhaar/bolt/v2/bolt.go:849.16,851.3 1 0
github.com/felixgeelhaar/bolt/v2/bolt.go:852.2,853.28 2 0
github.com/felixgeelhaar/bolt/v2/bolt.go:857.36,858.16 1 0
github.com/felixgeelhaar/bolt/v2/bolt.go:858.16,860.3 1 0
github.com/felixgeelhaar/bolt/v2/bolt.go:861.2,861.40 1 0
github.com/felixgeelhaar/bolt/v2/bolt.go:865.65,867.2 1 0
github.com/felixgeelhaar/bolt/v2/bolt.go:870.60,871.16 1 0
github.com/felixgeelhaar/bolt/v2/bolt.go:871.16,873.3 1 0
github.com/felixgeelhaar/bolt/v2/bolt.go:874.2,874.37 1 0
github.com/felixgeelhaar/bolt/v2/bolt.go:878.24,880.2 1 0
github.com/felixgeelhaar/bolt/v2/isatty_unix.go:11.30,13.2 1 1
